15:39:58:638 [ALWAYS]	GUDE Logging Started
15:39:58:639 [INFO]	SqliteResumeCache::SqliteResumeCache basedirectory is null/empty
15:39:58:639 [ERROR]	SqliteResumeCache::CreateSqliteResumeCache creating resume cache pointer failure
15:39:58:639 [ERROR]	Initialize resume cache pointer failure
15:39:58:639 [INFO]	gude policy POLICY_USER limit (2,2,1) chunk 2097152, chunking (UL 0 DL 1), resXfer 1, adapt 0, NSURL 0, timeout 86400 
15:39:58:639 [INFO]	Initialized -- gude-lib version: v0.12.1 app: gude
15:40:03:426 [WARN]	Ignoring attempt to reinit logging to \gude at level 4 retaining 3 days of logs
15:40:03:426 [INFO]	SqliteResumeCache::SqliteResumeCache basedirectory is null/empty
15:40:03:426 [ERROR]	SqliteResumeCache::CreateSqliteResumeCache creating resume cache pointer failure
15:40:03:426 [ERROR]	Initialize resume cache pointer failure
15:40:03:426 [INFO]	gude policy POLICY_USER limit (4,4,1) chunk 2097152, chunking (UL 0 DL 1), resXfer 1, adapt 0, NSURL 1, timeout 86400 
15:40:03:426 [INFO]	Initialized -- gude-lib version: v0.12.1 app: gude
16:04:23:763 [ALWAYS]	GUDE Logging Started
16:04:23:763 [INFO]	SqliteResumeCache::SqliteResumeCache basedirectory is null/empty
16:04:23:763 [ERROR]	SqliteResumeCache::CreateSqliteResumeCache creating resume cache pointer failure
16:04:23:763 [ERROR]	Initialize resume cache pointer failure
16:04:23:763 [INFO]	gude policy POLICY_USER limit (2,2,1) chunk 2097152, chunking (UL 0 DL 1), resXfer 1, adapt 0, NSURL 0, timeout 86400 
16:04:23:763 [INFO]	Initialized -- gude-lib version: v0.12.1 app: gude
16:04:28:838 [WARN]	Ignoring attempt to reinit logging to \gude at level 4 retaining 3 days of logs
16:04:28:838 [INFO]	SqliteResumeCache::SqliteResumeCache basedirectory is null/empty
16:04:28:838 [ERROR]	SqliteResumeCache::CreateSqliteResumeCache creating resume cache pointer failure
16:04:28:838 [ERROR]	Initialize resume cache pointer failure
16:04:28:838 [INFO]	gude policy POLICY_USER limit (4,4,1) chunk 2097152, chunking (UL 0 DL 1), resXfer 1, adapt 0, NSURL 1, timeout 86400 
16:04:28:838 [INFO]	Initialized -- gude-lib version: v0.12.1 app: gude
